<?xml version="1.0" encoding="UTF-8"?>
<!-- Generated by org.testng.reporters.JUnitXMLReporter -->
<testsuite hostname="LAP00396" name="MyHRA" tests="29" failures="2" timestamp="5 Feb 2019 20:44:16 GMT" time="623.046" errors="0">
  <testcase name="MyHRALog_Male" time="0.002" classname="com.qa.meschino.testcases.MyHRA_Male.VerifyHRAMale">
    <skipped/>
  </testcase> <!-- MyHRALog_Male -->
  <testcase name="HraAlcoholRiskStatus" time="0.004" classname="com.qa.meschino.testcases.MyHRA_Male.VerifyHRAAlcoholRiskStatus">
    <skipped/>
  </testcase> <!-- HraAlcoholRiskStatus -->
  <testcase name="HraAlcoholRiskStatus" time="0.002" classname="com.qa.meschino.testcases.MyHRA_Male.VerifyHRAAlcoholRiskStatus">
    <skipped/>
  </testcase> <!-- HraAlcoholRiskStatus -->
  <testcase name="HraAlcoholRiskStatus" time="0.001" classname="com.qa.meschino.testcases.MyHRA_Male.VerifyHRAAlcoholRiskStatus">
    <skipped/>
  </testcase> <!-- HraAlcoholRiskStatus -->
  <testcase name="HraMaleBloodGlucoseRiskStatus" time="0.001" classname="com.qa.meschino.testcases.MyHRA_Male.VerifyHRAMaleBloodGlucoseRiskStatus">
    <skipped/>
  </testcase> <!-- HraMaleBloodGlucoseRiskStatus -->
  <testcase name="HraMaleBloodGlucoseRiskStatus" time="0.003" classname="com.qa.meschino.testcases.MyHRA_Male.VerifyHRAMaleBloodGlucoseRiskStatus">
    <skipped/>
  </testcase> <!-- HraMaleBloodGlucoseRiskStatus -->
  <testcase name="HraMaleBloodGlucoseRiskStatus" time="0.0" classname="com.qa.meschino.testcases.MyHRA_Male.VerifyHRAMaleBloodGlucoseRiskStatus">
    <skipped/>
  </testcase> <!-- HraMaleBloodGlucoseRiskStatus -->
  <testcase name="HraMaleBloodGlucoseUnknownRiskStatus" time="0.002" classname="com.qa.meschino.testcases.MyHRA_Male.VerifyHRAMaleBloodGlucoseUnknownRiskStatus">
    <skipped/>
  </testcase> <!-- HraMaleBloodGlucoseUnknownRiskStatus -->
  <testcase name="HraMaleBloodGlucoseUnknownRiskStatus" time="0.001" classname="com.qa.meschino.testcases.MyHRA_Male.VerifyHRAMaleBloodGlucoseUnknownRiskStatus">
    <skipped/>
  </testcase> <!-- HraMaleBloodGlucoseUnknownRiskStatus -->
  <testcase name="HraMaleBloodPressureRiskStatus" time="0.004" classname="com.qa.meschino.testcases.MyHRA_Male.VerifyHRAMaleBloodPressureRiskStatus">
    <skipped/>
  </testcase> <!-- HraMaleBloodPressureRiskStatus -->
  <testcase name="HraMaleBloodPressureRiskStatus" time="0.001" classname="com.qa.meschino.testcases.MyHRA_Male.VerifyHRAMaleBloodPressureRiskStatus">
    <skipped/>
  </testcase> <!-- HraMaleBloodPressureRiskStatus -->
  <testcase name="HraMaleBloodPressureRiskStatus" time="0.002" classname="com.qa.meschino.testcases.MyHRA_Male.VerifyHRAMaleBloodPressureRiskStatus">
    <skipped/>
  </testcase> <!-- HraMaleBloodPressureRiskStatus -->
  <testcase name="HraMaleBloodPressureUnknownRiskStatus" time="0.002" classname="com.qa.meschino.testcases.MyHRA_Male.VerifyHRAMaleBloodPressureUnknownRiskStatus">
    <skipped/>
  </testcase> <!-- HraMaleBloodPressureUnknownRiskStatus -->
  <testcase name="HraMaleBloodPressureUnknownRiskStatus" time="0.003" classname="com.qa.meschino.testcases.MyHRA_Male.VerifyHRAMaleBloodPressureUnknownRiskStatus">
    <skipped/>
  </testcase> <!-- HraMaleBloodPressureUnknownRiskStatus -->
  <testcase name="HraCholesterolRiskStatus" time="0.001" classname="com.qa.meschino.testcases.MyHRA_Male.VerifyHRACholesterolRiskStatus">
    <skipped/>
  </testcase> <!-- HraCholesterolRiskStatus -->
  <testcase name="HraCholesterolRiskStatus" time="0.002" classname="com.qa.meschino.testcases.MyHRA_Male.VerifyHRACholesterolRiskStatus">
    <skipped/>
  </testcase> <!-- HraCholesterolRiskStatus -->
  <testcase name="HraCholesterolRiskStatus" time="0.003" classname="com.qa.meschino.testcases.MyHRA_Male.VerifyHRACholesterolRiskStatus">
    <skipped/>
  </testcase> <!-- HraCholesterolRiskStatus -->
  <testcase name="HRACholesterolUnknownRiskStatus" time="0.005" classname="com.qa.meschino.testcases.MyHRA_Male.VerifyHRACholesterolUnknownRiskStatus">
    <skipped/>
  </testcase> <!-- HRACholesterolUnknownRiskStatus -->
  <testcase name="HRACholesterolUnknownRiskStatus" time="0.002" classname="com.qa.meschino.testcases.MyHRA_Male.VerifyHRACholesterolUnknownRiskStatus">
    <skipped/>
  </testcase> <!-- HRACholesterolUnknownRiskStatus -->
  <testcase name="HRAEnduranceExerciseRiskStatus" time="0.002" classname="com.qa.meschino.testcases.MyHRA_Male.VerifyHRAEnduranceExerciseRiskStatus">
    <skipped/>
  </testcase> <!-- HRAEnduranceExerciseRiskStatus -->
  <testcase name="HRAEnduranceExerciseRiskStatus" time="0.001" classname="com.qa.meschino.testcases.MyHRA_Male.VerifyHRAEnduranceExerciseRiskStatus">
    <skipped/>
  </testcase> <!-- HRAEnduranceExerciseRiskStatus -->
  <testcase name="HRAEnduranceExerciseRiskStatus" time="0.001" classname="com.qa.meschino.testcases.MyHRA_Male.VerifyHRAEnduranceExerciseRiskStatus">
    <skipped/>
  </testcase> <!-- HRAEnduranceExerciseRiskStatus -->
  <testcase name="HraResistanceExerciseRiskStatus" time="0.004" classname="com.qa.meschino.testcases.MyHRA_Male.VerifyHRAResistanceExerciseRiskStatus">
    <skipped/>
  </testcase> <!-- HraResistanceExerciseRiskStatus -->
  <testcase name="HraResistanceExerciseRiskStatus" time="0.002" classname="com.qa.meschino.testcases.MyHRA_Male.VerifyHRAResistanceExerciseRiskStatus">
    <skipped/>
  </testcase> <!-- HraResistanceExerciseRiskStatus -->
  <testcase name="HraResistanceExerciseRiskStatus" time="0.002" classname="com.qa.meschino.testcases.MyHRA_Male.VerifyHRAResistanceExerciseRiskStatus">
    <skipped/>
  </testcase> <!-- HraResistanceExerciseRiskStatus -->
  <testcase name="HraSmokingRiskStatus" time="96.323" classname="com.qa.meschino.testcases.MyHRA_Male.VerifyHRASmokingRiskStatus">
    <failure type="org.openqa.selenium.WebDriverException" message="unknown error: Element &amp;lt;input id=&amp;quot;rbAnswerNum&amp;quot; name=&amp;quot;rbAnswerNum&amp;quot; style=&amp;quot;display:inline-block; margin-right:10px; margin-left: -8px;&amp;quot; type=&amp;quot;radio&amp;quot; value=&amp;quot;3&amp;quot;&amp;gt; is not clickable at point (615, 45). Other element would receive the click: &amp;lt;div class=&amp;quot;page-top&amp;quot;&amp;gt;...&amp;lt;/div&amp;gt;
  (Session info: chrome=71.0.3578.98)
  (Driver info: chromedriver=2.37.544315 (730aa6a5fdba159ac9f4c1e8cbc59bf1b5ce12b7),platform=Windows NT 10.0.17134 x86_64) (WARNING: The server did not provide any stacktrace information)
Command duration or timeout: 0 milliseconds
Build info: version: &amp;apos;3.141.59&amp;apos;, revision: &amp;apos;e82be7d358&amp;apos;, time: &amp;apos;2018-11-14T08:17:03&amp;apos;
System info: host: &amp;apos;LAP00396&amp;apos;, ip: &amp;apos;10.205.1.6&amp;apos;, os.name: &amp;apos;Windows 10&amp;apos;, os.arch: &amp;apos;amd64&amp;apos;, os.version: &amp;apos;10.0&amp;apos;, java.version: &amp;apos;1.8.0_191&amp;apos;
Driver info: org.openqa.selenium.chrome.ChromeDriver
Capabilities {acceptInsecureCerts: false, acceptSslCerts: false, applicationCacheEnabled: false, browserConnectionEnabled: false, browserName: chrome, chrome: {chromedriverVersion: 2.37.544315 (730aa6a5fdba15..., userDataDir: C:\Users\ANEEL~1.BHU\AppDat...}, cssSelectorsEnabled: true, databaseEnabled: false, handlesAlerts: true, hasTouchScreen: false, javascriptEnabled: true, locationContextEnabled: true, mobileEmulationEnabled: false, nativeEvents: true, networkConnectionEnabled: false, pageLoadStrategy: normal, platform: XP, platformName: XP, rotatable: false, setWindowRect: true, takesHeapSnapshot: true, takesScreenshot: true, unexpectedAlertBehaviour: , unhandledPromptBehavior: , version: 71.0.3578.98, webStorageEnabled: true}
Session ID: df41457fd041b08204b5853b3ddb2eff">
      <![CDATA[org.openqa.selenium.WebDriverException: unknown error: Element <input id="rbAnswerNum" name="rbAnswerNum" style="display:inline-block; margin-right:10px; margin-left: -8px;" type="radio" value="3"> is not clickable at point (615, 45). Other element would receive the click: <div class="page-top">...</div>
  (Session info: chrome=71.0.3578.98)
  (Driver info: chromedriver=2.37.544315 (730aa6a5fdba159ac9f4c1e8cbc59bf1b5ce12b7),platform=Windows NT 10.0.17134 x86_64) (WARNING: The server did not provide any stacktrace information)
Command duration or timeout: 0 milliseconds
Build info: version: '3.141.59', revision: 'e82be7d358', time: '2018-11-14T08:17:03'
System info: host: 'LAP00396', ip: '10.205.1.6', os.name: 'Windows 10', os.arch: 'amd64', os.version: '10.0', java.version: '1.8.0_191'
Driver info: org.openqa.selenium.chrome.ChromeDriver
Capabilities {acceptInsecureCerts: false, acceptSslCerts: false, applicationCacheEnabled: false, browserConnectionEnabled: false, browserName: chrome, chrome: {chromedriverVersion: 2.37.544315 (730aa6a5fdba15..., userDataDir: C:\Users\ANEEL~1.BHU\AppDat...}, cssSelectorsEnabled: true, databaseEnabled: false, handlesAlerts: true, hasTouchScreen: false, javascriptEnabled: true, locationContextEnabled: true, mobileEmulationEnabled: false, nativeEvents: true, networkConnectionEnabled: false, pageLoadStrategy: normal, platform: XP, platformName: XP, rotatable: false, setWindowRect: true, takesHeapSnapshot: true, takesScreenshot: true, unexpectedAlertBehaviour: , unhandledPromptBehavior: , version: 71.0.3578.98, webStorageEnabled: true}
Session ID: df41457fd041b08204b5853b3ddb2eff
	at org.openqa.selenium.remote.ErrorHandler.createThrowable(ErrorHandler.java:214)
	at org.openqa.selenium.remote.ErrorHandler.throwIfResponseFailed(ErrorHandler.java:166)
	at org.openqa.selenium.remote.http.JsonHttpResponseCodec.reconstructValue(JsonHttpResponseCodec.java:40)
	at org.openqa.selenium.remote.http.AbstractHttpResponseCodec.decode(AbstractHttpResponseCodec.java:80)
	at org.openqa.selenium.remote.http.AbstractHttpResponseCodec.decode(AbstractHttpResponseCodec.java:44)
	at org.openqa.selenium.remote.HttpCommandExecutor.execute(HttpCommandExecutor.java:158)
	at org.openqa.selenium.remote.service.DriverCommandExecutor.execute(DriverCommandExecutor.java:83)
	at org.openqa.selenium.remote.RemoteWebDriver.execute(RemoteWebDriver.java:552)
	at org.openqa.selenium.remote.RemoteWebElement.execute(RemoteWebElement.java:285)
	at org.openqa.selenium.remote.RemoteWebElement.click(RemoteWebElement.java:84)
	at com.qa.meschino.pages.MyHRAPage.selectAnswerOption(MyHRAPage.java:524)
	at com.qa.meschino.testcases.MyHRA_Male.VerifyHRASmokingRiskStatus.HraSmokingRiskStatus(VerifyHRASmokingRiskStatus.java:110)
... Removed 29 stack frames]]>
    </failure>
  </testcase> <!-- HraSmokingRiskStatus -->
  <testcase name="HraSmokingRiskStatus" time="72.264" classname="com.qa.meschino.testcases.MyHRA_Male.VerifyHRASmokingRiskStatus">
    <failure type="org.openqa.selenium.WebDriverException" message="unknown error: Element &amp;lt;input id=&amp;quot;rbAnswerNum&amp;quot; name=&amp;quot;rbAnswerNum&amp;quot; style=&amp;quot;display:inline-block; margin-right:10px; margin-left: -8px;&amp;quot; type=&amp;quot;radio&amp;quot; value=&amp;quot;3&amp;quot;&amp;gt; is not clickable at point (615, 51). Other element would receive the click: &amp;lt;div class=&amp;quot;page-top&amp;quot;&amp;gt;...&amp;lt;/div&amp;gt;
  (Session info: chrome=71.0.3578.98)
  (Driver info: chromedriver=2.37.544315 (730aa6a5fdba159ac9f4c1e8cbc59bf1b5ce12b7),platform=Windows NT 10.0.17134 x86_64) (WARNING: The server did not provide any stacktrace information)
Command duration or timeout: 0 milliseconds
Build info: version: &amp;apos;3.141.59&amp;apos;, revision: &amp;apos;e82be7d358&amp;apos;, time: &amp;apos;2018-11-14T08:17:03&amp;apos;
System info: host: &amp;apos;LAP00396&amp;apos;, ip: &amp;apos;10.205.1.6&amp;apos;, os.name: &amp;apos;Windows 10&amp;apos;, os.arch: &amp;apos;amd64&amp;apos;, os.version: &amp;apos;10.0&amp;apos;, java.version: &amp;apos;1.8.0_191&amp;apos;
Driver info: org.openqa.selenium.chrome.ChromeDriver
Capabilities {acceptInsecureCerts: false, acceptSslCerts: false, applicationCacheEnabled: false, browserConnectionEnabled: false, browserName: chrome, chrome: {chromedriverVersion: 2.37.544315 (730aa6a5fdba15..., userDataDir: C:\Users\ANEEL~1.BHU\AppDat...}, cssSelectorsEnabled: true, databaseEnabled: false, handlesAlerts: true, hasTouchScreen: false, javascriptEnabled: true, locationContextEnabled: true, mobileEmulationEnabled: false, nativeEvents: true, networkConnectionEnabled: false, pageLoadStrategy: normal, platform: XP, platformName: XP, rotatable: false, setWindowRect: true, takesHeapSnapshot: true, takesScreenshot: true, unexpectedAlertBehaviour: , unhandledPromptBehavior: , version: 71.0.3578.98, webStorageEnabled: true}
Session ID: e50803957a4de2001e4394f86e76e10b">
      <![CDATA[org.openqa.selenium.WebDriverException: unknown error: Element <input id="rbAnswerNum" name="rbAnswerNum" style="display:inline-block; margin-right:10px; margin-left: -8px;" type="radio" value="3"> is not clickable at point (615, 51). Other element would receive the click: <div class="page-top">...</div>
  (Session info: chrome=71.0.3578.98)
  (Driver info: chromedriver=2.37.544315 (730aa6a5fdba159ac9f4c1e8cbc59bf1b5ce12b7),platform=Windows NT 10.0.17134 x86_64) (WARNING: The server did not provide any stacktrace information)
Command duration or timeout: 0 milliseconds
Build info: version: '3.141.59', revision: 'e82be7d358', time: '2018-11-14T08:17:03'
System info: host: 'LAP00396', ip: '10.205.1.6', os.name: 'Windows 10', os.arch: 'amd64', os.version: '10.0', java.version: '1.8.0_191'
Driver info: org.openqa.selenium.chrome.ChromeDriver
Capabilities {acceptInsecureCerts: false, acceptSslCerts: false, applicationCacheEnabled: false, browserConnectionEnabled: false, browserName: chrome, chrome: {chromedriverVersion: 2.37.544315 (730aa6a5fdba15..., userDataDir: C:\Users\ANEEL~1.BHU\AppDat...}, cssSelectorsEnabled: true, databaseEnabled: false, handlesAlerts: true, hasTouchScreen: false, javascriptEnabled: true, locationContextEnabled: true, mobileEmulationEnabled: false, nativeEvents: true, networkConnectionEnabled: false, pageLoadStrategy: normal, platform: XP, platformName: XP, rotatable: false, setWindowRect: true, takesHeapSnapshot: true, takesScreenshot: true, unexpectedAlertBehaviour: , unhandledPromptBehavior: , version: 71.0.3578.98, webStorageEnabled: true}
Session ID: e50803957a4de2001e4394f86e76e10b
	at org.openqa.selenium.remote.ErrorHandler.createThrowable(ErrorHandler.java:214)
	at org.openqa.selenium.remote.ErrorHandler.throwIfResponseFailed(ErrorHandler.java:166)
	at org.openqa.selenium.remote.http.JsonHttpResponseCodec.reconstructValue(JsonHttpResponseCodec.java:40)
	at org.openqa.selenium.remote.http.AbstractHttpResponseCodec.decode(AbstractHttpResponseCodec.java:80)
	at org.openqa.selenium.remote.http.AbstractHttpResponseCodec.decode(AbstractHttpResponseCodec.java:44)
	at org.openqa.selenium.remote.HttpCommandExecutor.execute(HttpCommandExecutor.java:158)
	at org.openqa.selenium.remote.service.DriverCommandExecutor.execute(DriverCommandExecutor.java:83)
	at org.openqa.selenium.remote.RemoteWebDriver.execute(RemoteWebDriver.java:552)
	at org.openqa.selenium.remote.RemoteWebElement.execute(RemoteWebElement.java:285)
	at org.openqa.selenium.remote.RemoteWebElement.click(RemoteWebElement.java:84)
	at com.qa.meschino.pages.MyHRAPage.selectAnswerOption(MyHRAPage.java:524)
	at com.qa.meschino.testcases.MyHRA_Male.VerifyHRASmokingRiskStatus.HraSmokingRiskStatus(VerifyHRASmokingRiskStatus.java:110)
... Removed 29 stack frames]]>
    </failure>
  </testcase> <!-- HraSmokingRiskStatus -->
  <testcase name="HraSmokingRiskStatus" time="212.172" classname="com.qa.meschino.testcases.MyHRA_Male.VerifyHRASmokingRiskStatus"/>
  <testcase name="HraSmokingRiskStatus" time="225.394" classname="com.qa.meschino.testcases.MyHRA_Male.VerifyHRASmokingRiskStatus"/>
</testsuite> <!-- MyHRA -->
